<?xml version="1.0" encoding="UTF-8"?>
<testng-results ignored="0" total="9" passed="9" failed="0" skipped="0">
  <reporter-output>
  </reporter-output>
  <suite started-at="2023-03-15T11:39:44 IST" name="Default suite" finished-at="2023-03-15T11:55:53 IST" duration-ms="969215">
    <groups>
    </groups>
    <test started-at="2023-03-15T11:39:44 IST" name="Default test" finished-at="2023-03-15T11:55:53 IST" duration-ms="969215">
      <class name="com.mytests.MendixTest">
        <test-method is-config="true" signature="setUp()[pri:0, instance:com.mytests.MendixTest@36916eb0]" started-at="2023-03-15T11:39:44 IST" name="setUp" finished-at="2023-03-15T11:39:55 IST" duration-ms="11221" status="PASS">
          <reporter-output>
          </reporter-output>
        </test-method> <!-- setUp -->
        <test-method signature="launchingMendixStudioPro()[pri:1, instance:com.mytests.MendixTest@36916eb0]" started-at="2023-03-15T11:39:55 IST" name="launchingMendixStudioPro" finished-at="2023-03-15T11:40:14 IST" duration-ms="18575" status="PASS">
          <reporter-output>
          </reporter-output>
        </test-method> <!-- launchingMendixStudioPro -->
        <test-method signature="creatingApp()[pri:2, instance:com.mytests.MendixTest@36916eb0]" started-at="2023-03-15T11:40:14 IST" name="creatingApp" finished-at="2023-03-15T11:40:27 IST" duration-ms="12695" status="PASS">
          <reporter-output>
          </reporter-output>
        </test-method> <!-- creatingApp -->
        <test-method signature="importingModule()[pri:3, instance:com.mytests.MendixTest@36916eb0]" started-at="2023-03-15T11:40:27 IST" name="importingModule" finished-at="2023-03-15T11:44:27 IST" duration-ms="240114" status="PASS">
          <reporter-output>
          </reporter-output>
        </test-method> <!-- importingModule -->
        <test-method signature="clickingOnImportButton()[pri:4, instance:com.mytests.MendixTest@36916eb0]" started-at="2023-03-15T11:44:27 IST" name="clickingOnImportButton" finished-at="2023-03-15T11:46:47 IST" duration-ms="139845" status="PASS">
          <reporter-output>
          </reporter-output>
        </test-method> <!-- clickingOnImportButton -->
        <test-method signature="changingTheSetting()[pri:5, instance:com.mytests.MendixTest@36916eb0]" started-at="2023-03-15T11:46:47 IST" name="changingTheSetting" finished-at="2023-03-15T11:47:30 IST" duration-ms="42935" status="PASS">
          <reporter-output>
          </reporter-output>
        </test-method> <!-- changingTheSetting -->
        <test-method signature="configureAppModules()[pri:6, instance:com.mytests.MendixTest@36916eb0]" started-at="2023-03-15T11:47:30 IST" name="configureAppModules" finished-at="2023-03-15T11:49:18 IST" duration-ms="108197" status="PASS">
          <reporter-output>
          </reporter-output>
        </test-method> <!-- configureAppModules -->
        <test-method signature="selecting()[pri:7, instance:com.mytests.MendixTest@36916eb0]" started-at="2023-03-15T11:49:18 IST" name="selecting" finished-at="2023-03-15T11:51:34 IST" duration-ms="135786" status="PASS">
          <reporter-output>
          </reporter-output>
        </test-method> <!-- selecting -->
        <test-method signature="commitTheChanges()[pri:8, instance:com.mytests.MendixTest@36916eb0]" started-at="2023-03-15T11:51:34 IST" name="commitTheChanges" finished-at="2023-03-15T11:52:49 IST" duration-ms="75237" status="PASS">
          <reporter-output>
          </reporter-output>
        </test-method> <!-- commitTheChanges -->
        <test-method signature="publishTheApp()[pri:9, instance:com.mytests.MendixTest@36916eb0]" started-at="2023-03-15T11:52:49 IST" name="publishTheApp" finished-at="2023-03-15T11:55:53 IST" duration-ms="184507" status="PASS">
          <reporter-output>
          </reporter-output>
        </test-method> <!-- publishTheApp -->
        <test-method is-config="true" signature="stop()[pri:0, instance:com.mytests.MendixTest@36916eb0]" started-at="2023-03-15T11:55:53 IST" name="stop" finished-at="2023-03-15T11:55:53 IST" duration-ms="28" status="PASS">
          <reporter-output>
          </reporter-output>
        </test-method> <!-- stop -->
      </class> <!-- com.mytests.MendixTest -->
    </test> <!-- Default test -->
  </suite> <!-- Default suite -->
</testng-results>
