<?xml version="1.0" encoding="UTF-8"?><testsuite errors="1" failures="0" name="AppTests.LoginPageTest" skipped="0" tests="1" time="7.83" timestamp="2023-03-14 11:51:08"><testcase classname="AppTests.LoginPageTest" name="Test cases"><error message="The following error occurred: java.net.ConnectException: Failed to connect to localhost/0:0:0:0:0:0:0:1:41060&#10;Build info: version: '3.141.59', revision: 'e82be7d358', time: '2018-11-14T08:17:03'&#10;System info: host: 'INHYLHARSHITAR', ip: '10.9.7.58', os.name: 'Windows 10', os.arch: 'amd64', os.version: '10.0', java.version: '11.0.18'&#10;Driver info: driver.version: RemoteWebDriver" type="org.openqa.selenium.WebDriverException">The following error occurred: java.net.ConnectException: Failed to connect to localhost/0:0:0:0:0:0:0:1:41060
Build info: version: '3.141.59', revision: 'e82be7d358', time: '2018-11-14T08:17:03'
System info: host: 'INHYLHARSHITAR', ip: '10.9.7.58', os.name: 'Windows 10', os.arch: 'amd64', os.version: '10.0', java.version: '11.0.18'
Driver info: driver.version: RemoteWebDriver</error><system-err>The following error occurred: java.net.ConnectException: Failed to connect to localhost/0:0:0:0:0:0:0:1:41060
Build info: version: '3.141.59', revision: 'e82be7d358', time: '2018-11-14T08:17:03'
System info: host: 'INHYLHARSHITAR', ip: '10.9.7.58', os.name: 'Windows 10', os.arch: 'amd64', os.version: '10.0', java.version: '11.0.18'
Driver info: driver.version: RemoteWebDriver&#13;
Steps.LoginPageSteps.isOnLoginPage(LoginPageSteps.java:14)&#13;
AppTests.LoginPageTest.TestCases(LoginPageTest.java:22)&#13;
worker.org.gradle.process.internal.worker.GradleWorkerMain.run(GradleWorkerMain.java:69)&#13;
worker.org.gradle.process.internal.worker.GradleWorkerMain.main(GradleWorkerMain.java:74)&#13;
</system-err></testcase></testsuite>