<?xml version="1.0" encoding="UTF-8"?>
<!-- Generated by org.testng.reporters.JUnitXMLReporter -->
<testsuite ignored="0" hostname="INHYLHARSHITAR" failures="0" tests="9" name="Default test" time="969.215" errors="0" timestamp="2023-03-15T11:55:53 IST">
  <testcase classname="com.mytests.MendixTest" name="launchingMendixStudioPro" time="18.575"/>
  <testcase classname="com.mytests.MendixTest" name="creatingApp" time="12.695"/>
  <testcase classname="com.mytests.MendixTest" name="importingModule" time="240.114"/>
  <testcase classname="com.mytests.MendixTest" name="clickingOnImportButton" time="139.845"/>
  <testcase classname="com.mytests.MendixTest" name="changingTheSetting" time="42.935"/>
  <testcase classname="com.mytests.MendixTest" name="configureAppModules" time="108.197"/>
  <testcase classname="com.mytests.MendixTest" name="selecting" time="135.786"/>
  <testcase classname="com.mytests.MendixTest" name="commitTheChanges" time="75.237"/>
  <testcase classname="com.mytests.MendixTest" name="publishTheApp" time="184.507"/>
</testsuite> <!-- Default test -->
