<?xml version="1.0" encoding="UTF-8"?>
<!-- Generated by org.testng.reporters.JUnitXMLReporter -->
<testsuite ignored="0" hostname="INHYLHARSHITAR" failures="0" tests="9" name="Default test" time="1034.666" errors="0" timestamp="2023-03-09T12:03:15 IST">
  <testcase classname="com.mytests.MendixTest" name="launchingMendixStudioPro" time="12.969"/>
  <testcase classname="com.mytests.MendixTest" name="creatingApp" time="8.392"/>
  <testcase classname="com.mytests.MendixTest" name="importingModule" time="0.085"/>
  <testcase classname="com.mytests.MendixTest" name="clickingOnImportButton" time="342.243"/>
  <testcase classname="com.mytests.MendixTest" name="changingTheSetting" time="54.119"/>
  <testcase classname="com.mytests.MendixTest" name="configureAppModules" time="133.723"/>
  <testcase classname="com.mytests.MendixTest" name="selecting" time="174.945"/>
  <testcase classname="com.mytests.MendixTest" name="commitTheChanges" time="22.29"/>
  <testcase classname="com.mytests.MendixTest" name="publishTheApp" time="285.255"/>
</testsuite> <!-- Default test -->
